<?xml version="1.0" encoding="UTF-8"?>
<!-- Generated by org.testng.reporters.JUnitXMLReporter -->
<testsuite hostname="USER-20170725RR" name="Test" tests="31" failures="0" timestamp="9 Sep 2017 08:04:50 GMT" time="544.845" errors="0">
  <testcase name="case11" time="21.826" classname="com.Case.Login"/>
  <testcase name="case12" time="17.107" classname="com.Case.Login"/>
  <testcase name="case13" time="17.821" classname="com.Case.Login"/>
  <testcase name="case14" time="18.88" classname="com.Case.Login"/>
  <testcase name="case15" time="16.838" classname="com.Case.Login"/>
  <testcase name="case16" time="16.899" classname="com.Case.Login"/>
  <testcase name="case17" time="17.241" classname="com.Case.Login"/>
  <testcase name="case18" time="17.042" classname="com.Case.Login"/>
  <testcase name="case19" time="18.827" classname="com.Case.Login"/>
  <testcase name="case21" time="19.483" classname="com.Case.Login"/>
  <testcase name="case22" time="22.813" classname="com.Case.Login"/>
  <testcase name="case23" time="24.854" classname="com.Case.Login"/>
  <testcase name="case24" time="14.195" classname="com.Case.Login"/>
  <testcase name="case25" time="11.894" classname="com.Case.Login"/>
  <testcase name="case26" time="12.249" classname="com.Case.Login"/>
  <testcase name="case27" time="22.458" classname="com.Case.Login"/>
  <testcase name="case28" time="18.883" classname="com.Case.Login"/>
  <testcase name="case29" time="13.978" classname="com.Case.Login"/>
  <testcase name="case30" time="15.273" classname="com.Case.Login"/>
  <testcase name="case31" time="22.834" classname="com.Case.Login"/>
  <testcase name="case32" time="15.314" classname="com.Case.Verilogin"/>
  <testcase name="case33" time="12.238" classname="com.Case.Verilogin"/>
  <testcase name="case34" time="13.07" classname="com.Case.Verilogin"/>
  <testcase name="case35" time="12.511" classname="com.Case.Verilogin"/>
  <testcase name="case36" time="12.157" classname="com.Case.Verilogin"/>
  <testcase name="case37" time="11.558" classname="com.Case.Verilogin"/>
  <testcase name="case38" time="16.994" classname="com.Case.Verilogin"/>
  <testcase name="case39" time="17.489" classname="com.Case.Verilogin"/>
  <testcase name="case40" time="9.674" classname="com.Case.Verilogin"/>
  <testcase name="case41" time="12.438" classname="com.Case.Verilogin"/>
  <testcase name="case42" time="27.837" classname="com.Case.Verilogin"/>
</testsuite> <!-- Test -->
