<?xml version="1.0" encoding="UTF-8"?>
<!-- Generated by org.testng.reporters.JUnitXMLReporter -->
<testsuite hostname="USER-20170725RR" name="Test" tests="34" failures="1" timestamp="20 Sep 2017 03:30:29 GMT" time="802.683" errors="0">
  <testcase name="case1" time="20.265" classname="com.Case.Authentic"/>
  <testcase name="case2" time="102.47" classname="com.Case.Authentic"/>
  <testcase name="case3" time="71.653" classname="com.Case.Authentic"/>
  <testcase name="case11" time="23.147" classname="com.Case.Login"/>
  <testcase name="case12" time="20.415" classname="com.Case.Login"/>
  <testcase name="case13" time="19.847" classname="com.Case.Login"/>
  <testcase name="case14" time="21.0" classname="com.Case.Login"/>
  <testcase name="case15" time="18.852" classname="com.Case.Login"/>
  <testcase name="case16" time="19.232" classname="com.Case.Login"/>
  <testcase name="case17" time="18.887" classname="com.Case.Login"/>
  <testcase name="case18" time="20.188" classname="com.Case.Login"/>
  <testcase name="case19" time="23.157" classname="com.Case.Login"/>
  <testcase name="case21" time="21.243" classname="com.Case.Login"/>
  <testcase name="case22" time="24.725" classname="com.Case.Login"/>
  <testcase name="case23" time="25.777" classname="com.Case.Login"/>
  <testcase name="case24" time="16.499" classname="com.Case.Login"/>
  <testcase name="case25" time="16.533" classname="com.Case.Login"/>
  <testcase name="case26" time="14.467" classname="com.Case.Login"/>
  <testcase name="case27" time="21.716" classname="com.Case.Login"/>
  <testcase name="case28" time="22.608" classname="com.Case.Login"/>
  <testcase name="case29" time="17.271" classname="com.Case.Login"/>
  <testcase name="case30" time="15.876" classname="com.Case.Login"/>
  <testcase name="case31" time="25.326" classname="com.Case.Login"/>
  <testcase name="case32" time="14.744" classname="com.Case.Verilogin"/>
  <testcase name="case33" time="13.854" classname="com.Case.Verilogin"/>
  <testcase name="case34" time="13.747" classname="com.Case.Verilogin"/>
  <testcase name="case35" time="13.62" classname="com.Case.Verilogin"/>
  <testcase name="case36" time="12.842" classname="com.Case.Verilogin"/>
  <testcase name="case37" time="12.78" classname="com.Case.Verilogin"/>
  <testcase name="case38" time="17.792" classname="com.Case.Verilogin"/>
  <testcase name="case39" time="18.622" classname="com.Case.Verilogin"/>
  <testcase name="case40" time="11.126" classname="com.Case.Verilogin"/>
  <testcase name="case41" time="12.849" classname="com.Case.Verilogin"/>
  <testcase name="case42" time="25.608" classname="com.Case.Verilogin">
    <failure type="java.lang.AssertionError" message="找不到控件:null expected [true] but found [false]">
      <![CDATA[java.lang.AssertionError: 找不到控件:null expected [true] but found [false]
	at com.logic.login_Logic.oldlogin(login_Logic.java:105)
	at com.Case.Verilogin.case42(Verilogin.java:62)
... Removed 30 stack frames]]>
    </failure>
  </testcase> <!-- case42 -->
</testsuite> <!-- Test -->
