-------------------------------------------------------------------------------
Test set: TestSuite
-------------------------------------------------------------------------------
Tests run: 34, Failures: 1, Errors: 0, Skipped: 0, Time elapsed: 803.717 s <<< FAILURE! - in TestSuite
case42(com.Case.Verilogin)  Time elapsed: 25.639 s  <<< FAILURE!
java.lang.AssertionError: 找不到控件:null expected [true] but found [false]
	at com.Case.Verilogin.case42(Verilogin.java:62)

