<?xml version="1.0" encoding="UTF-8"?>
<testsuite name="TestSuite" time="522.676" tests="31" errors="0" skipped="0" failures="0">
  <properties>
[...]
</properties>
  <testcase name="case11" classname="com.Case.Login" time="21.859"/>
  <testcase name="case12" classname="com.Case.Login" time="17.074"/>
  <testcase name="case13" classname="com.Case.Login" time="17.822"/>
  <testcase name="case14" classname="com.Case.Login" time="18.886"/>
  <testcase name="case15" classname="com.Case.Login" time="16.833"/>
  <testcase name="case16" classname="com.Case.Login" time="16.904"/>
  <testcase name="case17" classname="com.Case.Login" time="17.237"/>
  <testcase name="case18" classname="com.Case.Login" time="17.042"/>
  <testcase name="case19" classname="com.Case.Login" time="18.82"/>
  <testcase name="case21" classname="com.Case.Login" time="20.551"/>
  <testcase name="case22" classname="com.Case.Login" time="21.748"/>
  <testcase name="case23" classname="com.Case.Login" time="24.852"/>
  <testcase name="case24" classname="com.Case.Login" time="14.197"/>
  <testcase name="case25" classname="com.Case.Login" time="11.893"/>
  <testcase name="case26" classname="com.Case.Login" time="12.27"/>
  <testcase name="case27" classname="com.Case.Login" time="22.441"/>
  <testcase name="case28" classname="com.Case.Login" time="18.88"/>
  <testcase name="case29" classname="com.Case.Login" time="13.98"/>
  <testcase name="case30" classname="com.Case.Login" time="15.27"/>
  <testcase name="case31" classname="com.Case.Login" time="22.834"/>
  <testcase name="case32" classname="com.Case.Verilogin" time="15.313"/>
  <testcase name="case33" classname="com.Case.Verilogin" time="12.239"/>
  <testcase name="case34" classname="com.Case.Verilogin" time="13.071"/>
  <testcase name="case35" classname="com.Case.Verilogin" time="12.512"/>
  <testcase name="case36" classname="com.Case.Verilogin" time="12.158"/>
  <testcase name="case37" classname="com.Case.Verilogin" time="11.557"/>
  <testcase name="case38" classname="com.Case.Verilogin" time="16.998"/>
  <testcase name="case39" classname="com.Case.Verilogin" time="17.486"/>
  <testcase name="case40" classname="com.Case.Verilogin" time="9.672"/>
  <testcase name="case41" classname="com.Case.Verilogin" time="12.454"/>
  <testcase name="case42" classname="com.Case.Verilogin" time="27.823"/>
</testsuite>