<?xml version="1.0" encoding="UTF-8"?>
<testsuite xmlns:xsi="http://www.w3.org/2001/XMLSchema-instance" xsi:noNamespaceSchemaLocation="https://maven.apache.org/surefire/maven-surefire-plugin/xsd/surefire-test-report.xsd" name="TestSuite" time="803.717" tests="34" errors="0" skipped="0" failures="1">
  <properties>
[...]
</properties>
  <testcase name="case1" classname="com.Case.Authentic" time="20.267"/>
  <testcase name="case2" classname="com.Case.Authentic" time="102.489"/>
  <testcase name="case3" classname="com.Case.Authentic" time="71.642"/>
  <testcase name="case11" classname="com.Case.Login" time="23.159"/>
  <testcase name="case12" classname="com.Case.Login" time="20.404"/>
  <testcase name="case13" classname="com.Case.Login" time="19.85"/>
  <testcase name="case14" classname="com.Case.Login" time="20.998"/>
  <testcase name="case15" classname="com.Case.Login" time="18.853"/>
  <testcase name="case16" classname="com.Case.Login" time="19.235"/>
  <testcase name="case17" classname="com.Case.Login" time="18.882"/>
  <testcase name="case18" classname="com.Case.Login" time="20.191"/>
  <testcase name="case19" classname="com.Case.Login" time="23.154"/>
  <testcase name="case21" classname="com.Case.Login" time="21.244"/>
  <testcase name="case22" classname="com.Case.Login" time="24.728"/>
  <testcase name="case23" classname="com.Case.Login" time="25.78"/>
  <testcase name="case24" classname="com.Case.Login" time="16.5"/>
  <testcase name="case25" classname="com.Case.Login" time="16.53"/>
  <testcase name="case26" classname="com.Case.Login" time="14.471"/>
  <testcase name="case27" classname="com.Case.Login" time="21.713"/>
  <testcase name="case28" classname="com.Case.Login" time="22.613"/>
  <testcase name="case29" classname="com.Case.Login" time="17.277"/>
  <testcase name="case30" classname="com.Case.Login" time="15.866"/>
  <testcase name="case31" classname="com.Case.Login" time="25.325"/>
  <testcase name="case32" classname="com.Case.Verilogin" time="14.743"/>
  <testcase name="case33" classname="com.Case.Verilogin" time="13.854"/>
  <testcase name="case34" classname="com.Case.Verilogin" time="13.749"/>
  <testcase name="case35" classname="com.Case.Verilogin" time="13.619"/>
  <testcase name="case36" classname="com.Case.Verilogin" time="12.843"/>
  <testcase name="case37" classname="com.Case.Verilogin" time="12.782"/>
  <testcase name="case38" classname="com.Case.Verilogin" time="17.79"/>
  <testcase name="case39" classname="com.Case.Verilogin" time="18.625"/>
  <testcase name="case40" classname="com.Case.Verilogin" time="11.125"/>
  <testcase name="case41" classname="com.Case.Verilogin" time="12.851"/>
  <testcase name="case42" classname="com.Case.Verilogin" time="25.639">
    <failure message="找不到控件:null expected [true] but found [false]" type="java.lang.AssertionError">java.lang.AssertionError: 找不到控件:null expected [true] but found [false]
	at com.Case.Verilogin.case42(Verilogin.java:62)
</failure>
  </testcase>
</testsuite>