<?xml version="1.0" encoding="UTF-8"?>
<testng-results skipped="0" failed="0" total="1" passed="1">
  <reporter-output>
    <line>
      <![CDATA[在：2017-09-20 16:03:15:738执行用例：随机输入手机号码正常注册登录--->执行成功]]>
    </line>
  </reporter-output>
  <suite name="Suite" duration-ms="31126" started-at="2017-09-20T08:02:46Z" finished-at="2017-09-20T08:03:17Z">
    <groups>
    </groups>
    <test name="Test" duration-ms="31126" started-at="2017-09-20T08:02:46Z" finished-at="2017-09-20T08:03:17Z">
      <class name="com.Case.Authentic">
        <test-method status="PASS" signature="beforeSuite()[pri:0, instance:com.Case.Authentic@578486a3]" name="beforeSuite" is-config="true" duration-ms="3259" started-at="2017-09-20T16:02:43Z" finished-at="2017-09-20T16:02:46Z">
          <reporter-output>
          </reporter-output>
        </test-method> <!-- beforeSuite -->
        <test-method status="PASS" signature="BeforeClass()[pri:0, instance:com.Case.Authentic@578486a3]" name="BeforeClass" is-config="true" duration-ms="8606" started-at="2017-09-20T16:02:46Z" finished-at="2017-09-20T16:02:55Z">
          <reporter-output>
          </reporter-output>
        </test-method> <!-- BeforeClass -->
        <test-method status="PASS" signature="case1()[pri:0, instance:com.Case.Authentic@578486a3]" name="case1" duration-ms="20544" started-at="2017-09-20T16:02:55Z" finished-at="2017-09-20T16:03:15Z">
          <reporter-output>
            <line>
              <![CDATA[在：2017-09-20 16:03:15:738执行用例：随机输入手机号码正常注册登录--->执行成功]]>
            </line>
          </reporter-output>
        </test-method> <!-- case1 -->
        <test-method status="PASS" signature="afterClass()[pri:0, instance:com.Case.Authentic@578486a3]" name="afterClass" is-config="true" duration-ms="1968" started-at="2017-09-20T16:03:15Z" finished-at="2017-09-20T16:03:17Z">
          <reporter-output>
          </reporter-output>
        </test-method> <!-- afterClass -->
        <test-method status="PASS" signature="afterSuite()[pri:0, instance:com.Case.Authentic@578486a3]" name="afterSuite" is-config="true" duration-ms="40" started-at="2017-09-20T16:03:17Z" finished-at="2017-09-20T16:03:17Z">
          <reporter-output>
          </reporter-output>
        </test-method> <!-- afterSuite -->
      </class> <!-- com.Case.Authentic -->
    </test> <!-- Test -->
  </suite> <!-- Suite -->
</testng-results>
