<?xml version="1.0" encoding="UTF-8"?>
<testsuite name="Test"
           tests="11"
           failures="0"
           errors="0"
           skipped="0"
           time="167.211">
  <properties />
  
  
            <testcase name="case32" time="14.897" classname="com.Case.Verilogin" />
                <testcase name="case39" time="18.224" classname="com.Case.Verilogin" />
                <testcase name="case38" time="17.731" classname="com.Case.Verilogin" />
                <testcase name="case41" time="12.142" classname="com.Case.Verilogin" />
                <testcase name="case33" time="13.153" classname="com.Case.Verilogin" />
                <testcase name="case37" time="12.242" classname="com.Case.Verilogin" />
                <testcase name="case36" time="13.121" classname="com.Case.Verilogin" />
                <testcase name="case35" time="14.312" classname="com.Case.Verilogin" />
                <testcase name="case40" time="10.966" classname="com.Case.Verilogin" />
                <testcase name="case34" time="13.744" classname="com.Case.Verilogin" />
                <testcase name="case42" time="26.679" classname="com.Case.Verilogin" />
      
</testsuite>
