<?xml version="1.0" encoding="UTF-8"?>
<testsuite name="Test"
           tests="4"
           failures="0"
           errors="0"
           skipped="0"
           time="178.623">
  <properties />
  
  
            <testcase name="case1" time="21.246" classname="com.test.Case" />
                <testcase name="case4" time="0.002" classname="com.test.Case" />
                <testcase name="case2" time="98.901" classname="com.test.Case" />
                <testcase name="case3" time="58.474" classname="com.test.Case" />
      
</testsuite>
